<?xml version="1.0" encoding="UTF-8"?>
<!-- Generated by org.testng.reporters.JUnitReportReporter -->
<testsuite hostname="DESKTOP-8RKDMGM" failures="0" tests="2" name="com.herokuapp.theinternet.PositiveTests" time="38.731" errors="0" timestamp="22 Apr 2021 10:02:31 GMT" skipped="0">
  <testcase classname="com.herokuapp.theinternet.PositiveTests" name="loginTestEdge" time="19.501"/>
  <testcase classname="com.herokuapp.theinternet.PositiveTests" name="loginTestChrome" time="19.230"/>
</testsuite> <!-- com.herokuapp.theinternet.PositiveTests -->
