<?xml version="1.0" encoding="UTF-8"?>
<!-- Generated by org.testng.reporters.JUnitReportReporter -->
<testsuite hostname="DESKTOP-8RKDMGM" failures="0" tests="1" name="com.herokuapp.theinternet.NegativeTests" time="18.212" errors="0" timestamp="22 Apr 2021 10:21:31 GMT" skipped="0">
  <testcase classname="com.herokuapp.theinternet.NegativeTests" name="incorrectPasswordTest" time="18.212"/>
</testsuite> <!-- com.herokuapp.theinternet.NegativeTests -->
