<?xml version="1.0" encoding="UTF-8"?>
<!-- Generated by org.testng.reporters.JUnitReportReporter -->
<testsuite hostname="DESKTOP-8RKDMGM" failures="0" tests="2" name="com.herokuapp.theinternet.PositiveTests" time="35.729" errors="0" timestamp="21 Apr 2021 12:35:46 GMT" skipped="0">
  <testcase classname="com.herokuapp.theinternet.PositiveTests" name="loginTestChrome" time="16.269"/>
  <testcase classname="com.herokuapp.theinternet.PositiveTests" name="loginTestEdge" time="19.460"/>
</testsuite> <!-- com.herokuapp.theinternet.PositiveTests -->
